TN:
SF:src/views/journeys/new-journey/new-journey.controller.ts
FN:50,(anonymous_0)
FN:67,(anonymous_1)
FN:81,(anonymous_2)
FN:97,(anonymous_3)
FN:109,(anonymous_4)
FN:131,(anonymous_5)
FN:158,(anonymous_6)
FNF:7
FNH:7
FNDA:27,(anonymous_0)
FNDA:1,(anonymous_1)
FNDA:1,(anonymous_2)
FNDA:2,(anonymous_3)
FNDA:8,(anonymous_4)
FNDA:5,(anonymous_5)
FNDA:11,(anonymous_6)
DA:13,1
DA:14,1
DA:47,1
DA:48,27
DA:50,27
DA:59,27
DA:67,1
DA:68,1
DA:81,1
DA:82,1
DA:97,1
DA:98,2
DA:99,2
DA:109,1
DA:110,8
DA:111,1
DA:113,7
DA:131,1
DA:132,5
DA:140,4
DA:141,4
DA:142,3
DA:143,3
DA:145,1
DA:146,1
DA:158,1
DA:159,11
DA:160,5
DA:163,6
DA:164,6
DA:170,6
DA:179,6
LF:32
LH:32
BRDA:110,0,0,1
BRDA:110,0,1,7
BRDA:159,1,0,5
BRDA:159,1,1,6
BRDA:159,2,0,11
BRDA:159,2,1,9
BRDA:50,3,0,1
BRDA:50,3,1,0
BRDA:50,4,0,1
BRDA:50,4,1,1
BRF:10
BRH:9
end_of_record
TN:
SF:src/views/journeys/new-journey/new-journey.module.ts
FNF:0
FNH:0
DA:12,1
DA:13,1
DA:14,1
DA:15,1
DA:24,1
LF:5
LH:5
BRF:0
BRH:0
end_of_record
